[INFO  - 2020-02-29T07:42:05.405Z] GhostDriver - Main - running on port 7076
[INFO  - 2020-02-29T07:42:05.905Z] Session [fb9371b0-5ac6-11ea-9a0e-c3752ba4af4f] - page.settings - {"XSSAuditingEnabled":false,"javascriptCanCloseWindows":true,"javascriptCanOpenWindows":true,"javascriptEnabled":true,"loadImages":true,"localToRemoteUrlAccessEnabled":false,"userAgent":"Mozilla/5.0 (Windows NT 6.2; WOW64) AppleWebKit/538.1 (KHTML, like Gecko) PhantomJS/2.1.1 Safari/538.1","webSecurityEnabled":true}
[INFO  - 2020-02-29T07:42:05.905Z] Session [fb9371b0-5ac6-11ea-9a0e-c3752ba4af4f] - page.customHeaders:  - {}
[INFO  - 2020-02-29T07:42:05.906Z] Session [fb9371b0-5ac6-11ea-9a0e-c3752ba4af4f] - Session.negotiatedCapabilities - {"browserName":"phantomjs","version":"2.1.1","driverName":"ghostdriver","driverVersion":"1.2.0","platform":"windows-10-32bit","javascriptEnabled":true,"takesScreenshot":true,"handlesAlerts":false,"databaseEnabled":false,"locationContextEnabled":false,"applicationCacheEnabled":false,"browserConnectionEnabled":false,"cssSelectorsEnabled":true,"webStorageEnabled":false,"rotatable":false,"acceptSslCerts":false,"nativeEvents":true,"proxy":{"proxyType":"direct"}}
[INFO  - 2020-02-29T07:42:05.906Z] SessionManagerReqHand - _postNewSessionCommand - New Session Created: fb9371b0-5ac6-11ea-9a0e-c3752ba4af4f
[INFO  - 2020-02-29T07:42:22.316Z] ShutdownReqHand - _handle - About to shutdown
[INFO  - 2020-02-29T07:43:42.459Z] GhostDriver - Main - running on port 25358
[INFO  - 2020-02-29T07:43:42.723Z] Session [354900f0-5ac7-11ea-98bf-8191dacc56dc] - page.settings - {"XSSAuditingEnabled":false,"javascriptCanCloseWindows":true,"javascriptCanOpenWindows":true,"javascriptEnabled":true,"loadImages":true,"localToRemoteUrlAccessEnabled":false,"userAgent":"Mozilla/5.0 (Windows NT 6.2; WOW64) AppleWebKit/538.1 (KHTML, like Gecko) PhantomJS/2.1.1 Safari/538.1","webSecurityEnabled":true}
[INFO  - 2020-02-29T07:43:42.723Z] Session [354900f0-5ac7-11ea-98bf-8191dacc56dc] - page.customHeaders:  - {}
[INFO  - 2020-02-29T07:43:42.723Z] Session [354900f0-5ac7-11ea-98bf-8191dacc56dc] - Session.negotiatedCapabilities - {"browserName":"phantomjs","version":"2.1.1","driverName":"ghostdriver","driverVersion":"1.2.0","platform":"windows-10-32bit","javascriptEnabled":true,"takesScreenshot":true,"handlesAlerts":false,"databaseEnabled":false,"locationContextEnabled":false,"applicationCacheEnabled":false,"browserConnectionEnabled":false,"cssSelectorsEnabled":true,"webStorageEnabled":false,"rotatable":false,"acceptSslCerts":false,"nativeEvents":true,"proxy":{"proxyType":"direct"}}
[INFO  - 2020-02-29T07:43:42.724Z] SessionManagerReqHand - _postNewSessionCommand - New Session Created: 354900f0-5ac7-11ea-98bf-8191dacc56dc
[INFO  - 2020-02-29T07:44:14.144Z] ShutdownReqHand - _handle - About to shutdown
[INFO  - 2020-02-29T07:45:16.393Z] GhostDriver - Main - running on port 61380
[INFO  - 2020-02-29T07:45:16.737Z] Session [6d523fc0-5ac7-11ea-b2cc-fb27c6da997a] - page.settings - {"XSSAuditingEnabled":false,"javascriptCanCloseWindows":true,"javascriptCanOpenWindows":true,"javascriptEnabled":true,"loadImages":true,"localToRemoteUrlAccessEnabled":false,"userAgent":"Mozilla/5.0 (Windows NT 6.2; WOW64) AppleWebKit/538.1 (KHTML, like Gecko) PhantomJS/2.1.1 Safari/538.1","webSecurityEnabled":true}
[INFO  - 2020-02-29T07:45:16.737Z] Session [6d523fc0-5ac7-11ea-b2cc-fb27c6da997a] - page.customHeaders:  - {}
[INFO  - 2020-02-29T07:45:16.737Z] Session [6d523fc0-5ac7-11ea-b2cc-fb27c6da997a] - Session.negotiatedCapabilities - {"browserName":"phantomjs","version":"2.1.1","driverName":"ghostdriver","driverVersion":"1.2.0","platform":"windows-10-32bit","javascriptEnabled":true,"takesScreenshot":true,"handlesAlerts":false,"databaseEnabled":false,"locationContextEnabled":false,"applicationCacheEnabled":false,"browserConnectionEnabled":false,"cssSelectorsEnabled":true,"webStorageEnabled":false,"rotatable":false,"acceptSslCerts":false,"nativeEvents":true,"proxy":{"proxyType":"direct"}}
[INFO  - 2020-02-29T07:45:16.738Z] SessionManagerReqHand - _postNewSessionCommand - New Session Created: 6d523fc0-5ac7-11ea-b2cc-fb27c6da997a
[INFO  - 2020-02-29T07:45:40.024Z] ShutdownReqHand - _handle - About to shutdown
[INFO  - 2020-02-29T07:46:24.179Z] GhostDriver - Main - running on port 8729
[INFO  - 2020-02-29T07:46:24.514Z] Session [95b832d0-5ac7-11ea-84a4-f96fc947d4cd] - page.settings - {"XSSAuditingEnabled":false,"javascriptCanCloseWindows":true,"javascriptCanOpenWindows":true,"javascriptEnabled":true,"loadImages":true,"localToRemoteUrlAccessEnabled":false,"userAgent":"Mozilla/5.0 (Windows NT 6.2; WOW64) AppleWebKit/538.1 (KHTML, like Gecko) PhantomJS/2.1.1 Safari/538.1","webSecurityEnabled":true}
[INFO  - 2020-02-29T07:46:24.514Z] Session [95b832d0-5ac7-11ea-84a4-f96fc947d4cd] - page.customHeaders:  - {}
[INFO  - 2020-02-29T07:46:24.514Z] Session [95b832d0-5ac7-11ea-84a4-f96fc947d4cd] - Session.negotiatedCapabilities - {"browserName":"phantomjs","version":"2.1.1","driverName":"ghostdriver","driverVersion":"1.2.0","platform":"windows-10-32bit","javascriptEnabled":true,"takesScreenshot":true,"handlesAlerts":false,"databaseEnabled":false,"locationContextEnabled":false,"applicationCacheEnabled":false,"browserConnectionEnabled":false,"cssSelectorsEnabled":true,"webStorageEnabled":false,"rotatable":false,"acceptSslCerts":false,"nativeEvents":true,"proxy":{"proxyType":"direct"}}
[INFO  - 2020-02-29T07:46:24.514Z] SessionManagerReqHand - _postNewSessionCommand - New Session Created: 95b832d0-5ac7-11ea-84a4-f96fc947d4cd
[INFO  - 2020-02-29T07:46:47.101Z] ShutdownReqHand - _handle - About to shutdown
[INFO  - 2020-02-29T07:47:40.264Z] GhostDriver - Main - running on port 10403
[INFO  - 2020-02-29T07:47:40.610Z] Session [c31386d0-5ac7-11ea-b4ce-3b3a788c845f] - page.settings - {"XSSAuditingEnabled":false,"javascriptCanCloseWindows":true,"javascriptCanOpenWindows":true,"javascriptEnabled":true,"loadImages":true,"localToRemoteUrlAccessEnabled":false,"userAgent":"Mozilla/5.0 (Windows NT 6.2; WOW64) AppleWebKit/538.1 (KHTML, like Gecko) PhantomJS/2.1.1 Safari/538.1","webSecurityEnabled":true}
[INFO  - 2020-02-29T07:47:40.610Z] Session [c31386d0-5ac7-11ea-b4ce-3b3a788c845f] - page.customHeaders:  - {}
[INFO  - 2020-02-29T07:47:40.610Z] Session [c31386d0-5ac7-11ea-b4ce-3b3a788c845f] - Session.negotiatedCapabilities - {"browserName":"phantomjs","version":"2.1.1","driverName":"ghostdriver","driverVersion":"1.2.0","platform":"windows-10-32bit","javascriptEnabled":true,"takesScreenshot":true,"handlesAlerts":false,"databaseEnabled":false,"locationContextEnabled":false,"applicationCacheEnabled":false,"browserConnectionEnabled":false,"cssSelectorsEnabled":true,"webStorageEnabled":false,"rotatable":false,"acceptSslCerts":false,"nativeEvents":true,"proxy":{"proxyType":"direct"}}
[INFO  - 2020-02-29T07:47:40.610Z] SessionManagerReqHand - _postNewSessionCommand - New Session Created: c31386d0-5ac7-11ea-b4ce-3b3a788c845f
[INFO  - 2020-02-29T07:48:05.066Z] ShutdownReqHand - _handle - About to shutdown
[INFO  - 2020-02-29T07:49:00.468Z] GhostDriver - Main - running on port 6478
[INFO  - 2020-02-29T07:49:00.825Z] Session [f2e35d40-5ac7-11ea-8757-4f1af7e652ea] - page.settings - {"XSSAuditingEnabled":false,"javascriptCanCloseWindows":true,"javascriptCanOpenWindows":true,"javascriptEnabled":true,"loadImages":true,"localToRemoteUrlAccessEnabled":false,"userAgent":"Mozilla/5.0 (Windows NT 6.2; WOW64) AppleWebKit/538.1 (KHTML, like Gecko) PhantomJS/2.1.1 Safari/538.1","webSecurityEnabled":true}
[INFO  - 2020-02-29T07:49:00.825Z] Session [f2e35d40-5ac7-11ea-8757-4f1af7e652ea] - page.customHeaders:  - {}
[INFO  - 2020-02-29T07:49:00.825Z] Session [f2e35d40-5ac7-11ea-8757-4f1af7e652ea] - Session.negotiatedCapabilities - {"browserName":"phantomjs","version":"2.1.1","driverName":"ghostdriver","driverVersion":"1.2.0","platform":"windows-10-32bit","javascriptEnabled":true,"takesScreenshot":true,"handlesAlerts":false,"databaseEnabled":false,"locationContextEnabled":false,"applicationCacheEnabled":false,"browserConnectionEnabled":false,"cssSelectorsEnabled":true,"webStorageEnabled":false,"rotatable":false,"acceptSslCerts":false,"nativeEvents":true,"proxy":{"proxyType":"direct"}}
[INFO  - 2020-02-29T07:49:00.825Z] SessionManagerReqHand - _postNewSessionCommand - New Session Created: f2e35d40-5ac7-11ea-8757-4f1af7e652ea
[INFO  - 2020-02-29T07:49:23.554Z] ShutdownReqHand - _handle - About to shutdown
[INFO  - 2020-02-29T07:49:49.782Z] GhostDriver - Main - running on port 54071
[INFO  - 2020-02-29T07:49:50.099Z] Session [104221f0-5ac8-11ea-98a2-17cbc81af4de] - page.settings - {"XSSAuditingEnabled":false,"javascriptCanCloseWindows":true,"javascriptCanOpenWindows":true,"javascriptEnabled":true,"loadImages":true,"localToRemoteUrlAccessEnabled":false,"userAgent":"Mozilla/5.0 (Windows NT 6.2; WOW64) AppleWebKit/538.1 (KHTML, like Gecko) PhantomJS/2.1.1 Safari/538.1","webSecurityEnabled":true}
[INFO  - 2020-02-29T07:49:50.099Z] Session [104221f0-5ac8-11ea-98a2-17cbc81af4de] - page.customHeaders:  - {}
[INFO  - 2020-02-29T07:49:50.099Z] Session [104221f0-5ac8-11ea-98a2-17cbc81af4de] - Session.negotiatedCapabilities - {"browserName":"phantomjs","version":"2.1.1","driverName":"ghostdriver","driverVersion":"1.2.0","platform":"windows-10-32bit","javascriptEnabled":true,"takesScreenshot":true,"handlesAlerts":false,"databaseEnabled":false,"locationContextEnabled":false,"applicationCacheEnabled":false,"browserConnectionEnabled":false,"cssSelectorsEnabled":true,"webStorageEnabled":false,"rotatable":false,"acceptSslCerts":false,"nativeEvents":true,"proxy":{"proxyType":"direct"}}
[INFO  - 2020-02-29T07:49:50.100Z] SessionManagerReqHand - _postNewSessionCommand - New Session Created: 104221f0-5ac8-11ea-98a2-17cbc81af4de
[INFO  - 2020-02-29T07:50:05.808Z] ShutdownReqHand - _handle - About to shutdown
[INFO  - 2020-02-29T07:50:41.727Z] GhostDriver - Main - running on port 55866
[INFO  - 2020-02-29T07:50:42.072Z] Session [2f3c6e30-5ac8-11ea-9515-49174b68ec46] - page.settings - {"XSSAuditingEnabled":false,"javascriptCanCloseWindows":true,"javascriptCanOpenWindows":true,"javascriptEnabled":true,"loadImages":true,"localToRemoteUrlAccessEnabled":false,"userAgent":"Mozilla/5.0 (Windows NT 6.2; WOW64) AppleWebKit/538.1 (KHTML, like Gecko) PhantomJS/2.1.1 Safari/538.1","webSecurityEnabled":true}
[INFO  - 2020-02-29T07:50:42.072Z] Session [2f3c6e30-5ac8-11ea-9515-49174b68ec46] - page.customHeaders:  - {}
[INFO  - 2020-02-29T07:50:42.073Z] Session [2f3c6e30-5ac8-11ea-9515-49174b68ec46] - Session.negotiatedCapabilities - {"browserName":"phantomjs","version":"2.1.1","driverName":"ghostdriver","driverVersion":"1.2.0","platform":"windows-10-32bit","javascriptEnabled":true,"takesScreenshot":true,"handlesAlerts":false,"databaseEnabled":false,"locationContextEnabled":false,"applicationCacheEnabled":false,"browserConnectionEnabled":false,"cssSelectorsEnabled":true,"webStorageEnabled":false,"rotatable":false,"acceptSslCerts":false,"nativeEvents":true,"proxy":{"proxyType":"direct"}}
[INFO  - 2020-02-29T07:50:42.073Z] SessionManagerReqHand - _postNewSessionCommand - New Session Created: 2f3c6e30-5ac8-11ea-9515-49174b68ec46
[INFO  - 2020-02-29T07:51:07.503Z] ShutdownReqHand - _handle - About to shutdown
[INFO  - 2020-02-29T07:51:17.934Z] GhostDriver - Main - running on port 23810
[INFO  - 2020-02-29T07:51:18.233Z] Session [44c9db20-5ac8-11ea-a9a1-535fa8bfc462] - page.settings - {"XSSAuditingEnabled":false,"javascriptCanCloseWindows":true,"javascriptCanOpenWindows":true,"javascriptEnabled":true,"loadImages":true,"localToRemoteUrlAccessEnabled":false,"userAgent":"Mozilla/5.0 (Windows NT 6.2; WOW64) AppleWebKit/538.1 (KHTML, like Gecko) PhantomJS/2.1.1 Safari/538.1","webSecurityEnabled":true}
[INFO  - 2020-02-29T07:51:18.233Z] Session [44c9db20-5ac8-11ea-a9a1-535fa8bfc462] - page.customHeaders:  - {}
[INFO  - 2020-02-29T07:51:18.233Z] Session [44c9db20-5ac8-11ea-a9a1-535fa8bfc462] - Session.negotiatedCapabilities - {"browserName":"phantomjs","version":"2.1.1","driverName":"ghostdriver","driverVersion":"1.2.0","platform":"windows-10-32bit","javascriptEnabled":true,"takesScreenshot":true,"handlesAlerts":false,"databaseEnabled":false,"locationContextEnabled":false,"applicationCacheEnabled":false,"browserConnectionEnabled":false,"cssSelectorsEnabled":true,"webStorageEnabled":false,"rotatable":false,"acceptSslCerts":false,"nativeEvents":true,"proxy":{"proxyType":"direct"}}
[INFO  - 2020-02-29T07:51:18.234Z] SessionManagerReqHand - _postNewSessionCommand - New Session Created: 44c9db20-5ac8-11ea-a9a1-535fa8bfc462
[INFO  - 2020-02-29T07:51:33.561Z] ShutdownReqHand - _handle - About to shutdown
